2021-02-06 12:05:17,702 - root - INFO - ============== starting episode 0 ===============
2021-02-06 12:05:17,702 - root - INFO - saving actual net to run0/models/episode-0.h5
2021-02-06 12:05:17,806 - root - INFO - ============== starting selfplay ================
2021-02-06 12:06:06,124 - root - INFO - turns played: 36 player won: 2
2021-02-06 12:06:22,610 - root - INFO - turns played: 85 player won: 2
2021-02-06 12:06:22,626 - root - INFO - turns played: 85 player won: 2
2021-02-06 12:06:22,981 - root - INFO - turns played: 91 player won: 2
2021-02-06 12:06:30,220 - root - INFO - turns played: 145 player won: 2
2021-02-06 12:06:43,833 - root - INFO - turns played: 169 player won: -1
2021-02-06 12:07:08,400 - root - INFO - turns played: 52 player won: 2
2021-02-06 12:07:10,479 - root - INFO - turns played: 274 player won: 2
2021-02-06 12:07:10,508 - root - INFO - turns played: 119 player won: 2
2021-02-06 12:07:18,397 - root - INFO - turns played: 74 player won: 2
2021-02-06 12:07:25,339 - root - INFO - turns played: 211 player won: 2
2021-02-06 12:07:31,818 - root - INFO - turns played: 84 player won: 2
2021-02-06 12:07:38,228 - root - INFO - turns played: 175 player won: 2
2021-02-06 12:07:46,725 - root - INFO - turns played: 238 player won: 2
2021-02-06 12:07:49,022 - root - INFO - turns played: 42 player won: 2
2021-02-06 12:07:51,515 - root - INFO - turns played: 61 player won: 2
2021-02-06 12:08:05,816 - root - INFO - turns played: 88 player won: 2
2021-02-06 12:08:17,912 - root - INFO - turns played: 37 player won: 2
2021-02-06 12:08:21,675 - root - INFO - turns played: 32 player won: 2
2021-02-06 12:08:24,783 - root - INFO - turns played: 43 player won: 2
2021-02-06 12:08:26,597 - root - INFO - turns played: 119 player won: 2
2021-02-06 12:08:34,878 - root - INFO - turns played: 145 player won: 2
2021-02-06 12:08:42,453 - root - INFO - turns played: 225 player won: 2
2021-02-06 12:08:52,898 - root - INFO - turns played: 119 player won: 2
2021-02-06 12:08:59,620 - root - INFO - turns played: 32 player won: 2
2021-02-06 12:09:09,240 - root - INFO - turns played: 127 player won: 2
2021-02-06 12:09:12,387 - root - INFO - turns played: 67 player won: 2
2021-02-06 12:09:19,565 - root - INFO - turns played: 99 player won: 2
2021-02-06 12:09:30,571 - root - INFO - turns played: 121 player won: 2
2021-02-06 12:09:39,583 - root - INFO - turns played: 168 player won: 2
2021-02-06 12:09:41,811 - root - INFO - turns played: 111 player won: 2
2021-02-06 12:09:52,869 - root - INFO - turns played: 96 player won: 2
2021-02-06 12:09:55,920 - root - INFO - turns played: 122 player won: 2
2021-02-06 12:10:00,962 - root - INFO - turns played: 63 player won: 2
2021-02-06 12:10:02,822 - root - INFO - turns played: 40 player won: 2
2021-02-06 12:10:24,859 - root - INFO - turns played: 47 player won: 2
2021-02-06 12:10:29,635 - root - INFO - turns played: 130 player won: 2
2021-02-06 12:10:30,587 - root - INFO - turns played: 74 player won: 2
2021-02-06 12:10:35,241 - root - INFO - turns played: 32 player won: 2
2021-02-06 12:10:35,755 - root - INFO - turns played: 189 player won: -1
2021-02-06 12:10:48,355 - root - INFO - turns played: 76 player won: 2
2021-02-06 12:10:49,542 - root - INFO - turns played: 45 player won: 2
2021-02-06 12:10:56,338 - root - INFO - turns played: 76 player won: 2
2021-02-06 12:11:14,544 - root - INFO - turns played: 61 player won: 2
2021-02-06 12:11:28,148 - root - INFO - turns played: 49 player won: 2
2021-02-06 12:11:30,613 - root - INFO - turns played: 85 player won: 2
2021-02-06 12:11:32,826 - root - INFO - turns played: 112 player won: 2
2021-02-06 12:11:40,232 - root - INFO - turns played: 133 player won: 2
2021-02-06 12:11:46,327 - root - INFO - turns played: 93 player won: 2
2021-02-06 12:11:52,586 - root - INFO - turns played: 42 player won: 2
2021-02-06 12:12:02,109 - root - INFO - turns played: 109 player won: 2
2021-02-06 12:12:03,107 - root - INFO - turns played: 164 player won: 2
2021-02-06 12:12:17,426 - root - INFO - turns played: 39 player won: 2
2021-02-06 12:12:27,619 - root - INFO - turns played: 100 player won: 2
2021-02-06 12:12:28,149 - root - INFO - turns played: 88 player won: 2
2021-02-06 12:12:35,374 - root - INFO - turns played: 118 player won: 2
2021-02-06 12:12:53,306 - root - INFO - turns played: 62 player won: 2
2021-02-06 12:12:55,240 - root - INFO - turns played: 108 player won: 2
2021-02-06 12:13:05,051 - root - INFO - turns played: 100 player won: 1
2021-02-06 12:13:07,226 - root - INFO - turns played: 66 player won: 2
2021-02-06 12:13:14,437 - root - INFO - turns played: 215 player won: 2
2021-02-06 12:13:30,874 - root - INFO - turns played: 87 player won: 2
2021-02-06 12:13:38,335 - root - INFO - turns played: 61 player won: 2
2021-02-06 12:13:43,650 - root - INFO - turns played: 180 player won: 2
2021-02-06 12:13:50,105 - root - INFO - turns played: 49 player won: 2
2021-02-06 12:13:51,419 - root - INFO - turns played: 199 player won: 2
2021-02-06 12:13:58,423 - root - INFO - turns played: 46 player won: 2
2021-02-06 12:14:03,648 - root - INFO - turns played: 88 player won: 2
2021-02-06 12:14:09,153 - root - INFO - turns played: 167 player won: 2
2021-02-06 12:14:33,195 - root - INFO - turns played: 65 player won: 2
2021-02-06 12:14:35,475 - root - INFO - turns played: 55 player won: 2
2021-02-06 12:14:45,750 - root - INFO - turns played: 42 player won: 2
2021-02-06 12:14:49,961 - root - INFO - turns played: 96 player won: 2
2021-02-06 12:14:51,332 - root - INFO - turns played: 46 player won: 2
2021-02-06 12:14:51,605 - root - INFO - turns played: 90 player won: 2
2021-02-06 12:15:01,594 - root - INFO - turns played: 58 player won: 2
2021-02-06 12:15:04,121 - root - INFO - turns played: 201 player won: 2
2021-02-06 12:15:26,658 - root - INFO - turns played: 72 player won: 2
2021-02-06 12:15:29,560 - root - INFO - turns played: 86 player won: 2
2021-02-06 12:15:31,790 - root - INFO - turns played: 43 player won: 2
2021-02-06 12:15:39,542 - root - INFO - turns played: 49 player won: 2
2021-02-06 12:15:39,833 - root - INFO - turns played: 69 player won: 2
2021-02-06 12:15:59,748 - root - INFO - turns played: 101 player won: 2
2021-02-06 12:16:10,824 - root - INFO - turns played: 150 player won: 2
2021-02-06 12:16:15,092 - root - INFO - turns played: 63 player won: 2
2021-02-06 12:16:16,936 - root - INFO - turns played: 64 player won: 2
2021-02-06 12:16:18,453 - root - INFO - turns played: 60 player won: 2
2021-02-06 12:16:37,526 - root - INFO - turns played: 280 player won: 0
2021-02-06 12:16:43,448 - root - INFO - turns played: 125 player won: -1
2021-02-06 12:16:48,798 - root - INFO - turns played: 44 player won: 2
2021-02-06 12:16:59,078 - root - INFO - turns played: 41 player won: 2
2021-02-06 12:17:01,010 - root - INFO - turns played: 171 player won: 2
2021-02-06 12:17:16,021 - root - INFO - turns played: 89 player won: 2
2021-02-06 12:17:17,766 - root - INFO - turns played: 120 player won: 2
2021-02-06 12:17:31,706 - root - INFO - turns played: 54 player won: 2
2021-02-06 12:17:44,123 - root - INFO - turns played: 98 player won: 2
2021-02-06 12:17:47,494 - root - INFO - turns played: 42 player won: 2
2021-02-06 12:17:52,997 - root - INFO - turns played: 252 player won: 1
2021-02-06 12:17:58,718 - root - INFO - turns played: 35 player won: 2
2021-02-06 12:17:59,678 - root - INFO - turns played: 119 player won: 2
2021-02-06 12:18:29,255 - root - INFO - turns played: 280 player won: 0
2021-02-06 12:29:56,873 - root - INFO - ============== starting episode 0 ===============
2021-02-06 12:29:56,873 - root - INFO - saving actual net to run0/models/episode-0.h5
2021-02-06 12:29:56,961 - root - INFO - ============== starting selfplay ================
2021-02-06 12:30:32,541 - root - INFO - turns played: 34 player won: 2
2021-02-06 12:30:41,814 - root - INFO - turns played: 64 player won: 2
2021-02-06 12:30:47,164 - root - INFO - turns played: 74 player won: 2
2021-02-06 12:30:47,460 - root - INFO - turns played: 77 player won: 2
2021-02-06 12:31:05,125 - root - INFO - turns played: 133 player won: 2
2021-02-06 12:31:08,643 - root - INFO - turns played: 141 player won: 1
2021-02-06 12:31:10,624 - root - INFO - turns played: 197 player won: 2
2021-02-06 12:31:12,070 - root - INFO - turns played: 169 player won: 2
2021-02-06 12:31:28,260 - root - INFO - turns played: 101 player won: 2
2021-02-06 12:31:35,657 - root - INFO - turns played: 56 player won: 2
2021-02-06 12:31:50,797 - root - INFO - turns played: 104 player won: 2
2021-02-06 12:31:53,175 - root - INFO - turns played: 52 player won: 2
2021-02-06 12:32:00,219 - root - INFO - turns played: 64 player won: 2
2021-02-06 12:32:10,637 - root - INFO - turns played: 137 player won: 2
2021-02-06 12:32:12,810 - root - INFO - turns played: 153 player won: 1
2021-02-06 12:32:21,578 - root - INFO - turns played: 280 player won: 0
2021-02-06 12:32:29,011 - root - INFO - turns played: 118 player won: 2
2021-02-06 12:32:37,249 - root - INFO - turns played: 125 player won: -1
2021-02-06 12:32:40,586 - root - INFO - turns played: 73 player won: 2
2021-02-06 12:32:41,234 - root - INFO - turns played: 78 player won: 2
2021-02-06 12:33:02,190 - root - INFO - turns played: 91 player won: 2
2021-02-06 12:33:05,520 - root - INFO - turns played: 87 player won: 2
2021-02-06 12:33:08,364 - root - INFO - turns played: 54 player won: 2
2021-02-06 12:33:12,177 - root - INFO - turns played: 160 player won: 2
2021-02-06 12:33:15,539 - root - INFO - turns played: 44 player won: 1
2021-02-06 12:33:31,935 - root - INFO - turns played: 102 player won: 2
2021-02-06 12:33:36,975 - root - INFO - turns played: 122 player won: 2
2021-02-06 12:33:41,541 - root - INFO - turns played: 75 player won: 1
2021-02-06 12:33:45,028 - root - INFO - turns played: 53 player won: 2
2021-02-06 12:34:04,432 - root - INFO - turns played: 104 player won: 2
2021-02-06 12:34:07,183 - root - INFO - turns played: 52 player won: 2
2021-02-06 12:34:20,714 - root - INFO - turns played: 50 player won: 2
2021-02-06 12:34:26,076 - root - INFO - turns played: 39 player won: 2
2021-02-06 12:34:31,100 - root - INFO - turns played: 147 player won: 1
2021-02-06 12:34:43,568 - root - INFO - turns played: 121 player won: -1
2021-02-06 12:34:52,081 - root - INFO - turns played: 137 player won: 2
2021-02-06 12:35:07,019 - root - INFO - turns played: 108 player won: 2
2021-02-06 12:35:07,409 - root - INFO - turns played: 120 player won: 2
2021-02-06 12:35:09,592 - root - INFO - turns played: 244 player won: -1
2021-02-06 12:35:14,537 - root - INFO - turns played: 48 player won: 2
2021-02-06 12:35:24,815 - root - INFO - turns played: 44 player won: 2
2021-02-06 12:35:30,078 - root - INFO - turns played: 114 player won: 2
2021-02-06 12:35:35,897 - root - INFO - turns played: 48 player won: 2
2021-02-06 12:35:47,164 - root - INFO - turns played: 27 player won: 2
2021-02-06 12:35:54,825 - root - INFO - turns played: 27 player won: 2
2021-02-06 12:36:00,221 - root - INFO - turns played: 66 player won: 2
2021-02-06 12:36:05,837 - root - INFO - turns played: 280 player won: 0
2021-02-06 12:36:21,521 - root - INFO - turns played: 77 player won: 2
2021-02-06 12:36:22,493 - root - INFO - turns played: 100 player won: 2
2021-02-06 12:36:36,638 - root - INFO - turns played: 78 player won: 2
2021-02-06 12:36:36,819 - root - INFO - turns played: 200 player won: 2
2021-02-06 12:36:37,386 - root - INFO - turns played: 34 player won: 2
2021-02-06 12:36:37,859 - root - INFO - turns played: 82 player won: 2
2021-02-06 12:36:51,204 - root - INFO - turns played: 55 player won: 2
2021-02-06 12:37:17,324 - root - INFO - turns played: 154 player won: 2
2021-02-06 12:37:17,416 - root - INFO - turns played: 33 player won: 2
2021-02-06 12:37:22,308 - root - INFO - turns played: 46 player won: 2
2021-02-06 12:37:30,611 - root - INFO - turns played: 114 player won: 2
2021-02-06 12:37:35,326 - root - INFO - turns played: 98 player won: 2
2021-02-06 12:37:45,077 - root - INFO - turns played: 176 player won: 2
2021-02-06 12:37:55,535 - root - INFO - turns played: 111 player won: 1
2021-02-06 12:38:01,304 - root - INFO - turns played: 194 player won: 1
2021-02-06 12:38:06,221 - root - INFO - turns played: 33 player won: 2
2021-02-06 12:38:07,309 - root - INFO - turns played: 40 player won: 2
2021-02-06 12:38:11,518 - root - INFO - turns played: 71 player won: 2
2021-02-06 12:38:17,317 - root - INFO - turns played: 73 player won: 2
2021-02-06 12:38:30,611 - root - INFO - turns played: 93 player won: 2
2021-02-06 12:38:40,327 - root - INFO - turns played: 93 player won: 2
2021-02-06 12:38:55,476 - root - INFO - turns played: 91 player won: 2
2021-02-06 12:39:02,486 - root - INFO - turns played: 69 player won: 2
2021-02-06 12:39:03,130 - root - INFO - turns played: 104 player won: 2
2021-02-06 12:39:09,477 - root - INFO - turns played: 152 player won: 2
2021-02-06 12:39:25,802 - root - INFO - turns played: 133 player won: -1
2021-02-06 12:39:29,035 - root - INFO - turns played: 80 player won: 2
2021-02-06 12:39:35,897 - root - INFO - turns played: 26 player won: 2
2021-02-06 12:39:57,241 - root - INFO - turns played: 265 player won: 2
2021-02-06 12:39:58,852 - root - INFO - turns played: 143 player won: 2
2021-02-06 12:40:03,383 - root - INFO - turns played: 70 player won: 2
2021-02-06 12:40:09,573 - root - INFO - turns played: 65 player won: 2
2021-02-06 12:40:26,639 - root - INFO - turns played: 71 player won: 2
2021-02-06 12:40:28,985 - root - INFO - turns played: 123 player won: 2
2021-02-06 12:40:31,853 - root - INFO - turns played: 161 player won: 2
2021-02-06 12:40:50,001 - root - INFO - turns played: 34 player won: 2
2021-02-06 12:41:02,184 - root - INFO - turns played: 82 player won: 2
2021-02-06 12:41:12,857 - root - INFO - turns played: 48 player won: 2
2021-02-06 12:41:23,615 - root - INFO - turns played: 82 player won: 2
2021-02-06 12:41:24,508 - root - INFO - turns played: 211 player won: 1
2021-02-06 12:41:27,197 - root - INFO - turns played: 266 player won: 2
2021-02-06 12:41:28,981 - root - INFO - turns played: 33 player won: 2
2021-02-06 12:41:39,417 - root - INFO - turns played: 116 player won: 2
2021-02-06 12:41:43,882 - root - INFO - turns played: 32 player won: 2
2021-02-06 12:41:55,116 - root - INFO - turns played: 280 player won: 0
2021-02-06 12:42:09,711 - root - INFO - turns played: 28 player won: 2
2021-02-06 12:42:15,692 - root - INFO - turns played: 94 player won: 2
2021-02-06 12:42:18,454 - root - INFO - turns played: 90 player won: 2
2021-02-06 12:42:32,225 - root - INFO - turns played: 109 player won: 1
2021-02-06 12:42:37,403 - root - INFO - turns played: 89 player won: 2
2021-02-06 12:42:38,446 - root - INFO - turns played: 68 player won: 2
2021-02-06 12:42:48,245 - root - INFO - turns played: 190 player won: 2
2021-02-06 12:42:49,570 - root - INFO - turns played: 77 player won: 2
2021-02-06 12:48:19,832 - root - INFO - ============== starting episode 0 ===============
2021-02-06 12:48:19,835 - root - INFO - saving actual net to run0/models/episode-0.h5
2021-02-06 12:48:19,938 - root - INFO - ============== starting selfplay ================
2021-02-06 12:49:23,709 - root - INFO - turns played: 33 player won: 2
2021-02-06 12:49:44,540 - root - INFO - turns played: 69 player won: 2
2021-02-06 12:50:07,097 - root - INFO - ============== starting episode 0 ===============
2021-02-06 12:50:07,099 - root - INFO - saving actual net to run0/models/episode-0.h5
2021-02-06 12:50:07,199 - root - INFO - ============== starting selfplay ================
2021-02-06 12:50:59,635 - root - INFO - turns played: 40 player won: 2
2021-02-06 12:51:00,263 - root - INFO - turns played: 39 player won: 2
2021-02-06 12:51:03,354 - root - INFO - turns played: 29 player won: 2
2021-02-06 12:51:05,304 - root - INFO - turns played: 40 player won: 2
2021-02-06 12:51:07,611 - root - INFO - turns played: 48 player won: 2
2021-02-06 12:51:18,544 - root - INFO - turns played: 47 player won: 2
2021-02-06 12:51:25,156 - root - INFO - turns played: 50 player won: 2
2021-02-06 12:51:52,938 - root - INFO - turns played: 122 player won: 2
2021-02-06 12:52:21,983 - root - INFO - ============== starting episode 0 ===============
2021-02-06 12:52:21,986 - root - INFO - saving actual net to run0/models/episode-0.h5
2021-02-06 12:52:22,093 - root - INFO - ============== starting selfplay ================
2021-02-06 12:53:15,586 - root - INFO - turns played: 42 player won: 2
2021-02-06 12:53:28,611 - root - INFO - turns played: 99 player won: 2
2021-02-06 12:53:31,107 - root - INFO - turns played: 35 player won: 2
2021-02-06 12:53:36,401 - root - INFO - turns played: 39 player won: 2
2021-02-06 12:53:52,878 - root - INFO - turns played: 66 player won: 2
2021-02-06 12:53:55,130 - root - INFO - turns played: 61 player won: 2
2021-02-06 12:53:58,266 - root - INFO - turns played: 78 player won: 2
2021-02-06 12:54:13,929 - root - INFO - turns played: 115 player won: 1
2021-02-06 12:54:24,785 - root - INFO - turns played: 72 player won: 2
2021-02-06 12:54:29,600 - root - INFO - turns played: 43 player won: 2
2021-02-06 12:54:38,939 - root - INFO - turns played: 77 player won: 2
2021-02-06 12:54:45,749 - root - INFO - turns played: 47 player won: 2
2021-02-06 12:54:49,823 - root - INFO - turns played: 52 player won: 2
2021-02-06 12:54:54,052 - root - INFO - turns played: 95 player won: -1
2021-02-06 12:55:01,858 - root - INFO - turns played: 34 player won: 2
2021-02-06 12:55:03,076 - root - INFO - turns played: 80 player won: 2
2021-02-06 12:55:26,777 - root - INFO - turns played: 89 player won: 2
2021-02-06 12:55:30,909 - root - INFO - turns played: 103 player won: 2
2021-02-06 12:55:38,313 - root - INFO - turns played: 66 player won: 2
2021-02-06 12:55:41,185 - root - INFO - turns played: 35 player won: 2
2021-02-06 12:55:50,951 - root - INFO - turns played: 135 player won: 2
2021-02-06 12:55:51,297 - root - INFO - turns played: 61 player won: 2
2021-02-06 12:55:54,411 - root - INFO - turns played: 75 player won: 1
2021-02-06 12:56:01,956 - root - INFO - turns played: 121 player won: 2
2021-02-06 12:56:13,029 - root - INFO - turns played: 36 player won: 2
2021-02-06 12:56:28,320 - root - INFO - turns played: 80 player won: 2
2021-02-06 12:56:34,160 - root - INFO - turns played: 73 player won: -1
2021-02-06 12:56:38,939 - root - INFO - turns played: 48 player won: 2
2021-02-06 12:56:57,117 - root - INFO - turns played: 99 player won: 1
2021-02-06 12:57:04,108 - root - INFO - turns played: 135 player won: 2
2021-02-06 12:57:06,361 - root - INFO - turns played: 91 player won: -1
2021-02-06 12:57:14,955 - root - INFO - turns played: 85 player won: 2
2021-02-06 12:57:18,722 - root - INFO - turns played: 229 player won: 2
2021-02-06 12:57:21,748 - root - INFO - turns played: 50 player won: 2
2021-02-06 12:57:27,739 - root - INFO - turns played: 28 player won: 2
2021-02-06 12:57:28,597 - root - INFO - turns played: 48 player won: 2
2021-02-06 12:57:53,199 - root - INFO - turns played: 74 player won: 2
2021-02-06 12:57:57,575 - root - INFO - turns played: 47 player won: 2
2021-02-06 12:58:00,953 - root - INFO - turns played: 50 player won: 2
2021-02-06 12:58:04,225 - root - INFO - turns played: 34 player won: 2
2021-02-06 12:58:10,866 - root - INFO - turns played: 37 player won: 2
2021-02-06 12:58:25,822 - root - INFO - turns played: 72 player won: 1
2021-02-06 12:58:35,808 - root - INFO - turns played: 100 player won: 2
2021-02-06 12:58:44,530 - root - INFO - turns played: 112 player won: 2
2021-02-06 12:58:50,103 - root - INFO - turns played: 43 player won: 2
2021-02-06 12:58:53,912 - root - INFO - turns played: 71 player won: 2
2021-02-06 12:59:05,492 - root - INFO - turns played: 31 player won: 2
2021-02-06 12:59:12,572 - root - INFO - turns played: 110 player won: 1
2021-02-06 12:59:13,078 - root - INFO - turns played: 55 player won: 2
2021-02-06 12:59:21,122 - root - INFO - turns played: 92 player won: -1
2021-02-06 12:59:48,577 - root - INFO - turns played: 87 player won: 1
2021-02-06 12:59:49,954 - root - INFO - turns played: 36 player won: 2
2021-02-06 12:59:57,229 - root - INFO - turns played: 102 player won: 1
2021-02-06 12:59:59,898 - root - INFO - turns played: 83 player won: 2
2021-02-06 13:00:06,414 - root - INFO - turns played: 34 player won: 2
2021-02-06 13:00:13,718 - root - INFO - turns played: 59 player won: 2
2021-02-06 13:00:23,380 - root - INFO - turns played: 94 player won: 2
2021-02-06 13:00:40,174 - root - INFO - turns played: 45 player won: 2
2021-02-06 13:00:55,183 - root - INFO - turns played: 260 player won: 1
2021-02-06 13:00:57,907 - root - INFO - turns played: 47 player won: 2
2021-02-06 13:01:02,071 - root - INFO - turns played: 98 player won: 1
2021-02-06 13:01:08,834 - root - INFO - turns played: 165 player won: 2
2021-02-06 13:01:11,504 - root - INFO - turns played: 52 player won: 2
2021-02-06 13:01:14,552 - root - INFO - turns played: 114 player won: 2
2021-02-06 13:01:28,926 - root - INFO - turns played: 66 player won: 2
2021-02-06 13:01:39,257 - root - INFO - turns played: 75 player won: 1
2021-02-06 13:01:43,458 - root - INFO - turns played: 35 player won: 2
2021-02-06 13:01:54,944 - root - INFO - turns played: 72 player won: 2
2021-02-06 13:01:58,447 - root - INFO - turns played: 43 player won: 2
2021-02-06 13:02:04,543 - root - INFO - turns played: 83 player won: 2
2021-02-06 13:02:17,776 - root - INFO - turns played: 82 player won: 2
2021-02-06 13:02:29,229 - root - INFO - turns played: 126 player won: 2
2021-02-06 13:02:32,048 - root - INFO - turns played: 68 player won: 1
2021-02-06 13:02:41,537 - root - INFO - turns played: 68 player won: 2
2021-02-06 13:02:44,618 - root - INFO - turns played: 36 player won: 2
2021-02-06 13:03:51,459 - root - INFO - ============== starting episode 0 ===============
2021-02-06 13:03:51,462 - root - INFO - saving actual net to run0/models/episode-0.h5
2021-02-06 13:03:51,543 - root - INFO - ============== starting selfplay ================
2021-02-06 13:04:23,873 - root - INFO - turns played: 29 player won: 2
2021-02-06 13:04:28,605 - root - INFO - turns played: 50 player won: 2
2021-02-06 13:04:38,479 - root - INFO - turns played: 46 player won: 2
2021-02-06 13:04:38,729 - root - INFO - turns played: 39 player won: 2
2021-02-06 13:04:40,087 - root - INFO - turns played: 53 player won: 2
2021-02-06 13:04:52,189 - root - INFO - turns played: 65 player won: 2
2021-02-06 13:04:55,213 - root - INFO - turns played: 72 player won: 2
2021-02-06 13:04:57,838 - root - INFO - turns played: 85 player won: 2
2021-02-06 13:05:11,463 - root - INFO - turns played: 41 player won: 2
2021-02-06 13:05:25,262 - root - INFO - turns played: 59 player won: 2
2021-02-06 13:05:27,029 - root - INFO - turns played: 31 player won: 2
2021-02-06 13:05:38,708 - root - INFO - turns played: 57 player won: 2
2021-02-06 13:05:43,542 - root - INFO - turns played: 72 player won: 2
2021-02-06 13:05:51,009 - root - INFO - turns played: 80 player won: 2
2021-02-06 13:05:51,272 - root - INFO - turns played: 71 player won: 2
2021-02-06 13:06:01,514 - root - INFO - turns played: 76 player won: 2
2021-02-06 13:06:06,635 - root - INFO - turns played: 50 player won: 2
2021-02-06 13:06:17,194 - root - INFO - turns played: 38 player won: 2
2021-02-06 13:06:18,261 - root - INFO - turns played: 38 player won: 2
2021-02-06 13:06:31,423 - root - INFO - turns played: 38 player won: 2
2021-02-06 13:06:47,558 - root - INFO - turns played: 67 player won: 2
2021-02-06 13:06:51,335 - root - INFO - turns played: 66 player won: 2
2021-02-06 13:06:53,988 - root - INFO - turns played: 72 player won: 2
2021-02-06 13:07:00,035 - root - INFO - turns played: 58 player won: 2
2021-02-06 13:07:01,199 - root - INFO - turns played: 56 player won: 2
2021-02-06 13:07:11,279 - root - INFO - turns played: 45 player won: 2
2021-02-06 13:07:20,962 - root - INFO - turns played: 40 player won: 2
2021-02-06 13:07:21,463 - root - INFO - turns played: 75 player won: 2
2021-02-06 13:07:42,317 - root - INFO - turns played: 40 player won: 2
2021-02-06 13:07:52,117 - root - INFO - turns played: 58 player won: -1
2021-02-06 13:07:53,428 - root - INFO - turns played: 41 player won: 2
2021-02-06 13:08:01,521 - root - INFO - turns played: 59 player won: 1
2021-02-06 13:08:01,913 - root - INFO - turns played: 91 player won: 2
2021-02-06 13:08:08,094 - root - INFO - turns played: 61 player won: 2
2021-02-06 13:08:14,529 - root - INFO - turns played: 36 player won: 2
2021-02-06 13:08:26,848 - root - INFO - turns played: 52 player won: 2
2021-02-06 13:08:35,529 - root - INFO - turns played: 26 player won: 2
2021-02-06 13:08:49,219 - root - INFO - turns played: 56 player won: 2
2021-02-06 13:08:56,863 - root - INFO - turns played: 43 player won: 2
2021-02-06 13:08:59,986 - root - INFO - turns played: 73 player won: 2
2021-02-06 13:09:03,093 - root - INFO - turns played: 40 player won: 2
2021-02-06 13:09:10,937 - root - INFO - turns played: 43 player won: 2
2021-02-06 13:09:14,114 - root - INFO - turns played: 87 player won: -1
2021-02-06 13:09:15,876 - root - INFO - turns played: 44 player won: 2
2021-02-06 13:09:27,474 - root - INFO - turns played: 41 player won: 2
2021-02-06 13:09:41,981 - root - INFO - turns played: 52 player won: 2
2021-02-06 13:09:45,261 - root - INFO - turns played: 48 player won: 2
2021-02-06 13:09:49,667 - root - INFO - turns played: 37 player won: 2
2021-02-06 13:09:52,665 - root - INFO - turns played: 34 player won: 2
2021-02-06 13:09:55,070 - root - INFO - turns played: 39 player won: 2
2021-02-06 13:10:09,753 - root - INFO - turns played: 63 player won: 2
2021-02-06 13:10:16,007 - root - INFO - turns played: 45 player won: 2
2021-02-06 13:10:20,323 - root - INFO - turns played: 89 player won: 2
2021-02-06 13:10:40,900 - root - INFO - turns played: 42 player won: 2
2021-02-06 13:10:41,797 - root - INFO - turns played: 60 player won: 2
2021-02-06 13:10:42,849 - root - INFO - turns played: 51 player won: 2
2021-02-06 13:10:48,528 - root - INFO - turns played: 57 player won: 2
2021-02-06 13:11:00,994 - root - INFO - turns played: 97 player won: 2
2021-02-06 13:11:05,291 - root - INFO - turns played: 35 player won: 2
2021-02-06 13:11:13,241 - root - INFO - turns played: 35 player won: 2
2021-02-06 13:11:29,105 - root - INFO - turns played: 27 player won: 2
2021-02-06 13:11:36,591 - root - INFO - turns played: 41 player won: 2
2021-02-06 13:11:37,448 - root - INFO - turns played: 95 player won: 2
2021-02-06 13:11:43,913 - root - INFO - turns played: 38 player won: 2
2021-02-06 13:11:47,295 - root - INFO - turns played: 66 player won: -1
2021-02-06 13:11:59,465 - root - INFO - turns played: 34 player won: 2
2021-02-06 13:23:59,638 - root - INFO - ============== starting episode 0 ===============
2021-02-06 13:23:59,641 - root - INFO - saving actual net to run0/models/episode-0.h5
2021-02-06 13:23:59,736 - root - INFO - ============== starting selfplay ================
2021-02-06 13:24:34,242 - root - INFO - turns played: 36 player won: 2
2021-02-06 13:24:36,258 - root - INFO - turns played: 44 player won: 2
2021-02-06 13:24:36,474 - root - INFO - turns played: 40 player won: 2
2021-02-06 13:24:44,726 - root - INFO - turns played: 61 player won: 2
2021-02-06 13:24:52,431 - root - INFO - turns played: 88 player won: 2
2021-02-06 13:24:55,002 - root - INFO - turns played: 97 player won: 2
2021-02-06 13:24:58,324 - root - INFO - turns played: 85 player won: 1
2021-02-06 13:25:07,058 - root - INFO - turns played: 111 player won: 2
2021-02-06 13:25:28,447 - root - INFO - turns played: 45 player won: 2
2021-02-06 13:25:37,498 - root - INFO - turns played: 65 player won: 1
2021-02-06 13:25:49,746 - root - INFO - turns played: 62 player won: 2
2021-02-06 13:25:56,140 - root - INFO - turns played: 71 player won: 1
2021-02-06 13:26:02,156 - root - INFO - turns played: 38 player won: 2
2021-02-06 13:26:02,352 - root - INFO - turns played: 93 player won: -1
2021-02-06 13:26:03,207 - root - INFO - turns played: 35 player won: 2
2021-02-06 13:26:03,772 - root - INFO - turns played: 86 player won: 1
2021-02-06 13:26:10,930 - root - INFO - turns played: 89 player won: 1
2021-02-06 13:26:24,669 - root - INFO - turns played: 89 player won: 2
2021-02-06 13:26:40,800 - root - INFO - turns played: 103 player won: 1
2021-02-06 13:26:48,769 - root - INFO - turns played: 45 player won: 2
2021-02-06 13:26:49,177 - root - INFO - turns played: 80 player won: 1
2021-02-06 13:26:58,619 - root - INFO - turns played: 34 player won: 2
2021-02-06 13:26:59,970 - root - INFO - turns played: 43 player won: 2
2021-02-06 13:27:28,296 - root - INFO - turns played: 118 player won: 2
2021-02-06 13:27:30,845 - root - INFO - turns played: 80 player won: 2
2021-02-06 13:27:35,686 - root - INFO - turns played: 108 player won: 1
2021-02-06 13:27:43,274 - root - INFO - turns played: 118 player won: 2
2021-02-06 13:27:44,417 - root - INFO - turns played: 115 player won: -1
2021-02-07 15:27:15,291 - root - INFO - ============== starting episode 0 ===============
2021-02-07 15:27:15,295 - root - INFO - saving actual net to run0/models/episode-0.h5
2021-02-07 15:27:15,407 - root - INFO - ============== starting selfplay ================
2021-02-07 15:27:47,782 - root - INFO - turns played: 37 player won: 2
2021-02-07 15:27:47,978 - root - INFO - turns played: 38 player won: 2
2021-02-07 15:27:51,456 - root - INFO - turns played: 41 player won: 2
2021-02-07 15:27:51,712 - root - INFO - turns played: 54 player won: 2
2021-02-07 15:27:53,180 - root - INFO - turns played: 53 player won: 2
2021-02-07 15:28:01,616 - root - INFO - turns played: 63 player won: 2
2021-02-07 15:28:04,336 - root - INFO - turns played: 88 player won: 2
2021-02-07 15:28:36,394 - root - INFO - turns played: 41 player won: 2
2021-02-07 15:28:36,398 - root - INFO - turns played: 39 player won: 2
2021-02-07 15:28:36,398 - root - INFO - turns played: 169 player won: 2
2021-02-07 15:28:39,366 - root - INFO - turns played: 27 player won: 2
2021-02-07 15:28:40,566 - root - INFO - turns played: 80 player won: 2
2021-02-07 15:28:40,626 - root - INFO - turns played: 36 player won: 2
2021-02-07 15:28:41,478 - root - INFO - turns played: 36 player won: 2
2021-02-07 15:28:42,174 - root - INFO - turns played: 37 player won: 2
2021-02-07 15:29:15,310 - root - INFO - ============== starting episode 0 ===============
2021-02-07 15:29:15,314 - root - INFO - saving actual net to run0/models/episode-0.h5
2021-02-07 15:29:15,426 - root - INFO - ============== starting selfplay ================
2021-02-07 15:29:46,242 - root - INFO - turns played: 41 player won: 2
2021-02-07 15:29:47,118 - root - INFO - turns played: 42 player won: 2
2021-02-07 15:29:51,154 - root - INFO - turns played: 38 player won: 2
2021-02-07 15:30:03,098 - root - INFO - turns played: 52 player won: 2
2021-02-07 15:30:03,478 - root - INFO - turns played: 49 player won: 2
2021-02-07 15:30:05,978 - root - INFO - turns played: 84 player won: 2
2021-02-07 15:30:15,350 - root - INFO - turns played: 83 player won: 2
2021-02-07 15:30:17,810 - root - INFO - turns played: 64 player won: 2
2021-02-07 15:30:28,326 - root - INFO - turns played: 31 player won: 2
2021-02-07 15:30:40,694 - root - INFO - turns played: 37 player won: 2
2021-02-07 15:30:49,434 - root - INFO - turns played: 103 player won: 1
2021-02-07 15:30:52,206 - root - INFO - turns played: 76 player won: 2
2021-02-07 15:31:12,097 - root - INFO - turns played: 62 player won: 2
2021-02-07 15:31:12,213 - root - INFO - turns played: 69 player won: 2
2021-02-07 15:31:15,657 - root - INFO - turns played: 67 player won: 2
2021-02-07 15:31:25,813 - root - INFO - turns played: 34 player won: 2
2021-02-07 15:31:25,821 - root - INFO - turns played: 59 player won: 2
2021-02-07 15:31:28,402 - root - INFO - turns played: 58 player won: 2
2021-02-07 15:31:36,258 - root - INFO - turns played: 80 player won: 2
2021-02-07 15:31:43,002 - root - INFO - turns played: 27 player won: 2
2021-02-07 15:31:55,042 - root - INFO - turns played: 57 player won: 2
2021-02-07 15:32:13,104 - root - INFO - turns played: 36 player won: 2
2021-02-07 15:32:21,224 - root - INFO - turns played: 42 player won: 2
2021-02-07 15:32:22,312 - root - INFO - turns played: 41 player won: 2
2021-02-07 15:32:24,736 - root - INFO - turns played: 46 player won: 2
2021-02-07 15:32:25,144 - root - INFO - turns played: 72 player won: 2
2021-02-07 15:32:34,108 - root - INFO - turns played: 33 player won: 2
2021-02-07 15:32:35,556 - root - INFO - turns played: 86 player won: 1
2021-02-07 15:32:36,912 - root - INFO - turns played: 32 player won: 2
2021-02-07 15:32:47,480 - root - INFO - turns played: 83 player won: 2
2021-02-07 15:33:10,796 - root - INFO - turns played: 53 player won: 2
2021-02-07 15:33:15,416 - root - INFO - turns played: 37 player won: 2
2021-02-07 15:33:24,898 - root - INFO - turns played: 48 player won: 2
2021-02-07 15:33:27,490 - root - INFO - turns played: 65 player won: 2
2021-02-07 15:33:27,870 - root - INFO - turns played: 61 player won: 2
2021-02-07 18:11:49,354 - root - INFO - ============== starting episode 0 ===============
2021-02-07 18:11:49,354 - root - INFO - saving actual net to run0/models/episode-0.h5
2021-02-07 18:11:49,442 - root - INFO - ============== starting selfplay ================
2021-02-07 18:12:47,331 - root - INFO - turns played: 40 player won: 2
2021-02-07 18:12:54,735 - root - INFO - turns played: 38 player won: 2
2021-02-07 18:12:55,988 - root - INFO - turns played: 62 player won: 2
2021-02-07 18:12:56,297 - root - INFO - turns played: 69 player won: 2
2021-02-07 18:13:05,739 - root - INFO - turns played: 67 player won: 2
2021-02-07 18:13:07,145 - root - INFO - turns played: 71 player won: 2
2021-02-07 18:13:12,336 - root - INFO - turns played: 78 player won: 2
2021-02-07 18:13:13,994 - root - INFO - turns played: 81 player won: 2
2021-02-07 18:13:42,721 - root - INFO - turns played: 46 player won: 2
2021-02-07 18:13:48,486 - root - INFO - turns played: 43 player won: 2
2021-02-07 18:13:51,437 - root - INFO - turns played: 50 player won: 2
2021-02-07 18:13:58,303 - root - INFO - turns played: 107 player won: 1
2021-02-07 18:14:05,126 - root - INFO - turns played: 44 player won: 2
2021-02-07 18:14:14,068 - root - INFO - turns played: 84 player won: 2
2021-02-07 18:14:18,473 - root - INFO - turns played: 78 player won: 2
2021-02-07 18:14:21,328 - root - INFO - turns played: 94 player won: -1
2021-02-07 18:14:36,432 - root - INFO - turns played: 34 player won: 2
2021-02-07 18:14:39,113 - root - INFO - turns played: 44 player won: 2
2021-02-07 18:14:39,771 - root - INFO - turns played: 45 player won: 2
2021-02-07 18:14:50,771 - root - INFO - turns played: 79 player won: 1
2021-02-07 18:14:56,202 - root - INFO - turns played: 45 player won: 2
2021-02-07 18:14:57,822 - root - INFO - turns played: 28 player won: 2
2021-02-07 18:15:18,526 - root - INFO - turns played: 40 player won: 2
2021-02-07 18:15:19,569 - root - INFO - turns played: 59 player won: 2
2021-02-07 18:15:25,437 - root - INFO - turns played: 51 player won: 2
2021-02-07 18:15:29,876 - root - INFO - turns played: 103 player won: 2
2021-02-07 18:15:35,841 - root - INFO - turns played: 36 player won: 2
2021-02-07 18:15:44,749 - root - INFO - turns played: 35 player won: 2
2021-02-07 18:15:52,101 - root - INFO - turns played: 95 player won: 2
2021-02-07 18:16:05,102 - root - INFO - turns played: 67 player won: 2
2021-02-07 18:16:12,952 - root - INFO - turns played: 69 player won: 2
2021-02-07 18:16:13,817 - root - INFO - turns played: 45 player won: 2
2021-02-07 18:16:14,539 - root - INFO - turns played: 34 player won: 2
2021-02-07 18:16:14,674 - root - INFO - turns played: 34 player won: 1
2021-02-07 18:16:33,928 - root - INFO - turns played: 51 player won: 2
2021-02-07 18:16:42,571 - root - INFO - turns played: 48 player won: 2
2021-02-07 18:16:43,395 - root - INFO - turns played: 81 player won: 2
2021-02-07 18:16:49,972 - root - INFO - turns played: 109 player won: 2
2021-02-07 18:16:56,000 - root - INFO - turns played: 84 player won: 1
2021-02-07 18:16:57,631 - root - INFO - turns played: 44 player won: 2
2021-02-07 18:17:00,782 - root - INFO - turns played: 47 player won: 2
2021-02-07 18:17:09,106 - root - INFO - turns played: 78 player won: 2
2021-02-07 18:17:10,027 - root - INFO - turns played: 106 player won: -1
2021-02-07 18:17:12,440 - root - INFO - turns played: 34 player won: 2
2021-02-07 18:17:16,143 - root - INFO - turns played: 57 player won: 2
2021-02-07 18:17:17,207 - root - INFO - turns played: 62 player won: 2
2021-02-07 18:17:18,429 - root - INFO - turns played: 39 player won: 2
2021-02-07 18:18:35,545 - root - INFO - ============== starting episode 0 ===============
2021-02-07 18:18:35,547 - root - INFO - saving actual net to run0/models/episode-0.h5
2021-02-07 18:18:35,627 - root - INFO - ============== starting selfplay ================
2021-02-07 18:19:07,265 - root - INFO - turns played: 39 player won: 2
2021-02-07 18:19:07,944 - root - INFO - turns played: 37 player won: 2
2021-02-07 18:19:12,335 - root - INFO - turns played: 60 player won: 2
2021-02-07 18:19:21,773 - root - INFO - turns played: 46 player won: 2
2021-02-07 18:19:22,424 - root - INFO - turns played: 41 player won: 2
2021-02-07 18:19:35,152 - root - INFO - turns played: 63 player won: -1
2021-02-07 18:19:45,991 - root - INFO - turns played: 99 player won: 1
2021-02-07 18:19:47,242 - root - INFO - turns played: 117 player won: 1
2021-02-07 18:20:00,291 - root - INFO - turns played: 51 player won: 2
2021-02-07 18:20:04,702 - root - INFO - turns played: 51 player won: 2
2021-02-07 18:20:09,308 - root - INFO - turns played: 50 player won: 2
2021-02-07 18:20:18,698 - root - INFO - turns played: 50 player won: 2
2021-02-07 18:20:20,038 - root - INFO - turns played: 64 player won: 2
2021-02-07 18:20:25,094 - root - INFO - turns played: 49 player won: 2
2021-02-07 18:20:45,454 - root - INFO - turns played: 62 player won: 2
2021-02-07 18:20:47,567 - root - INFO - turns played: 33 player won: 2
2021-02-07 18:20:53,957 - root - INFO - turns played: 44 player won: 2
2021-02-07 18:20:53,958 - root - INFO - turns played: 84 player won: 1
2021-02-07 18:21:01,370 - root - INFO - turns played: 52 player won: 2
2021-02-07 18:21:07,807 - root - INFO - turns played: 52 player won: 2
2021-02-07 18:21:22,867 - root - INFO - turns played: 82 player won: 2
2021-02-07 18:21:25,610 - root - INFO - turns played: 66 player won: 2
2021-02-07 18:21:36,704 - root - INFO - turns played: 37 player won: 2
2021-02-07 18:21:40,807 - root - INFO - turns played: 41 player won: 2
2021-02-07 18:21:44,785 - root - INFO - turns played: 41 player won: 2
2021-02-07 18:21:46,042 - root - INFO - turns played: 63 player won: -1
2021-02-07 18:21:58,329 - root - INFO - turns played: 62 player won: 2
2021-02-07 18:22:17,629 - root - INFO - turns played: 92 player won: 2
2021-02-07 18:22:18,868 - root - INFO - turns played: 41 player won: 2
2021-02-07 18:22:23,835 - root - INFO - turns played: 50 player won: 2
2021-02-07 18:22:27,697 - root - INFO - turns played: 60 player won: 2
2021-02-07 18:22:28,646 - root - INFO - turns played: 94 player won: -1
2021-02-07 18:22:42,085 - root - INFO - turns played: 37 player won: 2
2021-02-07 18:22:42,304 - root - INFO - turns played: 37 player won: 2
2021-02-07 18:23:00,676 - root - INFO - turns played: 35 player won: 2
2021-02-07 18:23:11,150 - root - INFO - turns played: 61 player won: 2
2021-02-07 18:23:13,216 - root - INFO - turns played: 72 player won: 2
2021-02-07 18:23:14,325 - root - INFO - turns played: 39 player won: 2
2021-02-07 18:23:23,895 - root - INFO - turns played: 117 player won: 2
2021-02-07 18:23:49,676 - root - INFO - turns played: 41 player won: 2
2021-02-07 18:23:50,364 - root - INFO - turns played: 36 player won: 2
2021-02-07 18:23:52,068 - root - INFO - turns played: 45 player won: 2
2021-02-07 18:23:52,660 - root - INFO - turns played: 61 player won: 2
2021-02-07 18:23:53,636 - root - INFO - turns played: 39 player won: 2
2021-02-07 18:24:03,280 - root - INFO - turns played: 69 player won: 2
2021-02-07 18:24:13,279 - root - INFO - turns played: 69 player won: 2
2021-02-07 18:24:27,664 - root - INFO - turns played: 48 player won: 2
2021-02-07 18:24:35,465 - root - INFO - turns played: 33 player won: 2
2021-02-07 18:24:38,938 - root - INFO - turns played: 57 player won: 2
2021-02-07 18:24:57,483 - root - INFO - turns played: 75 player won: 2
2021-02-07 18:25:02,427 - root - INFO - turns played: 50 player won: 2
2021-02-07 18:25:03,187 - root - INFO - turns played: 130 player won: 2
2021-02-07 18:25:15,341 - root - INFO - turns played: 38 player won: 2
2021-02-07 18:25:19,747 - root - INFO - turns played: 52 player won: 2
2021-02-07 18:25:24,456 - root - INFO - turns played: 40 player won: 2
2021-02-07 18:25:34,408 - root - INFO - turns played: 58 player won: 2
2021-02-07 18:25:36,830 - root - INFO - turns played: 53 player won: 2
2021-02-07 18:25:39,846 - root - INFO - turns played: 66 player won: 2
2021-02-07 18:25:42,600 - root - INFO - turns played: 61 player won: 2
2021-02-07 18:25:45,312 - root - INFO - turns played: 67 player won: 2
2021-02-07 18:26:04,310 - root - INFO - turns played: 58 player won: 2
2021-02-07 18:26:05,519 - root - INFO - turns played: 88 player won: 2
2021-02-07 18:26:13,302 - root - INFO - turns played: 31 player won: 2
2021-02-07 18:26:36,379 - root - INFO - turns played: 51 player won: 2
2021-02-07 18:26:40,334 - root - INFO - turns played: 43 player won: 2
